<?xml version="1.0" encoding="UTF-8"?>
<!-- Generated by org.testng.reporters.JUnitReportReporter -->
<testsuite hostname="LAPTOP-9VI7GTPA" failures="0" tests="1" name="MavenDemo.MavenDemoExecutionTest" time="8.300" errors="0" timestamp="2026-07-03T09:40:33 IST" skipped="0">
  <testcase classname="MavenDemo.MavenDemoExecutionTest" name="mavenDemo" time="8.300">
    <system-out>
      <![CDATA[*****************<<<<<<<<<<<<<+++++WELCOME TO MAVEN+++++++>>>>>>>>>>>>>*****************]]>
    </system-out>
  </testcase> <!-- mavenDemo -->
  <system-out>
    <![CDATA[*****************<<<<<<<<<<<<<+++++WELCOME TO MAVEN+++++++>>>>>>>>>>>>>*****************]]>
  </system-out>
</testsuite> <!-- MavenDemo.MavenDemoExecutionTest -->
