<?xml version="1.0" encoding="UTF-8"?>
<!-- Generated by org.testng.reporters.JUnitReportReporter -->
<testsuite hostname="LAPTOP-9VI7GTPA" failures="0" tests="1" name="MavenDemo.youtubeTest" time="125.887" errors="0" timestamp="2026-07-03T10:06:51 IST" skipped="0">
  <testcase classname="MavenDemo.youtubeTest" name="testYoutube" time="125.887">
    <system-out>
      <![CDATA[*****************<<<<<<<<<<<<<+++++WELCOME TO MAVEN+++++++>>>>>>>>>>>>>*****************]]>
    </system-out>
  </testcase> <!-- testYoutube -->
  <system-out>
    <![CDATA[*****************<<<<<<<<<<<<<+++++WELCOME TO MAVEN+++++++>>>>>>>>>>>>>*****************]]>
  </system-out>
</testsuite> <!-- MavenDemo.youtubeTest -->
